                              1 ;--------------------------------------------------------
                              2 ; File Created by SDCC : free open source ANSI-C Compiler
                              3 ; Version 3.0.0 #6037 (Oct 31 2010) (MINGW32)
                              4 ; This file was generated Mon Jan 23 19:50:54 2017
                              5 ;--------------------------------------------------------
                              6 	.module t6963c
                              7 	.optsdcc -mmcs51 --model-large
                              8 	
                              9 ;--------------------------------------------------------
                             10 ; Public variables in this module
                             11 ;--------------------------------------------------------
                             12 	.globl _T6963C_dataRead
                             13 	.globl _TF1
                             14 	.globl _TR1
                             15 	.globl _TF0
                             16 	.globl _TR0
                             17 	.globl _IE1
                             18 	.globl _IT1
                             19 	.globl _IE0
                             20 	.globl _IT0
                             21 	.globl _SM0
                             22 	.globl _SM1
                             23 	.globl _SM2
                             24 	.globl _REN
                             25 	.globl _TB8
                             26 	.globl _RB8
                             27 	.globl _TI
                             28 	.globl _RI
                             29 	.globl _CY
                             30 	.globl _AC
                             31 	.globl _F0
                             32 	.globl _RS1
                             33 	.globl _RS0
                             34 	.globl _OV
                             35 	.globl _F1
                             36 	.globl _P
                             37 	.globl _RD
                             38 	.globl _WR
                             39 	.globl _T1
                             40 	.globl _T0
                             41 	.globl _INT1
                             42 	.globl _INT0
                             43 	.globl _TXD0
                             44 	.globl _TXD
                             45 	.globl _RXD0
                             46 	.globl _RXD
                             47 	.globl _P3_7
                             48 	.globl _P3_6
                             49 	.globl _P3_5
                             50 	.globl _P3_4
                             51 	.globl _P3_3
                             52 	.globl _P3_2
                             53 	.globl _P3_1
                             54 	.globl _P3_0
                             55 	.globl _P2_7
                             56 	.globl _P2_6
                             57 	.globl _P2_5
                             58 	.globl _P2_4
                             59 	.globl _P2_3
                             60 	.globl _P2_2
                             61 	.globl _P2_1
                             62 	.globl _P2_0
                             63 	.globl _P1_7
                             64 	.globl _P1_6
                             65 	.globl _P1_5
                             66 	.globl _P1_4
                             67 	.globl _P1_3
                             68 	.globl _P1_2
                             69 	.globl _P1_1
                             70 	.globl _P1_0
                             71 	.globl _P0_7
                             72 	.globl _P0_6
                             73 	.globl _P0_5
                             74 	.globl _P0_4
                             75 	.globl _P0_3
                             76 	.globl _P0_2
                             77 	.globl _P0_1
                             78 	.globl _P0_0
                             79 	.globl _PS
                             80 	.globl _PT1
                             81 	.globl _PX1
                             82 	.globl _PT0
                             83 	.globl _PX0
                             84 	.globl _EA
                             85 	.globl _ES
                             86 	.globl _ET1
                             87 	.globl _EX1
                             88 	.globl _ET0
                             89 	.globl _EX0
                             90 	.globl _BREG_F7
                             91 	.globl _BREG_F6
                             92 	.globl _BREG_F5
                             93 	.globl _BREG_F4
                             94 	.globl _BREG_F3
                             95 	.globl _BREG_F2
                             96 	.globl _BREG_F1
                             97 	.globl _BREG_F0
                             98 	.globl _TMOD
                             99 	.globl _TL1
                            100 	.globl _TL0
                            101 	.globl _TH1
                            102 	.globl _TH0
                            103 	.globl _TCON
                            104 	.globl _SP
                            105 	.globl _SCON
                            106 	.globl _SBUF0
                            107 	.globl _SBUF
                            108 	.globl _PSW
                            109 	.globl _PCON
                            110 	.globl _P3
                            111 	.globl _P2
                            112 	.globl _P1
                            113 	.globl _P0
                            114 	.globl _IP
                            115 	.globl _IE
                            116 	.globl _DP0L
                            117 	.globl _DPL
                            118 	.globl _DP0H
                            119 	.globl _DPH
                            120 	.globl _B
                            121 	.globl _ACC
                            122 	.globl __t6963c
                            123 	.globl _T6963C_readFrom_PARM_2
                            124 	.globl _T6963C_writeAt_PARM_3
                            125 	.globl _T6963C_writeAt_PARM_2
                            126 	.globl _T6963C_calculateAddress_PARM_2
                            127 	.globl _T6963C_autoRepeat_PARM_3
                            128 	.globl _T6963C_autoRepeat_PARM_2
                            129 	.globl _T6963C_autoWrite_PARM_3
                            130 	.globl _T6963C_autoWrite_PARM_2
                            131 	.globl _T6963C_dataWrite_PARM_2
                            132 	.globl _T6963C_addressCommand_PARM_2
                            133 	.globl _T6963C_twoDataCommand_PARM_3
                            134 	.globl _T6963C_twoDataCommand_PARM_2
                            135 	.globl _T6963C_oneDataCommand_PARM_2
                            136 	.globl _T6963C_statusCheck
                            137 	.globl _T6963C_noDataCommand
                            138 	.globl _T6963C_oneDataCommand
                            139 	.globl _T6963C_twoDataCommand
                            140 	.globl _T6963C_addressCommand
                            141 	.globl _T6963C_dataWrite
                            142 	.globl _T6963C_statusCheckForAutoWrite
                            143 	.globl _T6963C_autoWrite
                            144 	.globl _T6963C_autoRepeat
                            145 	.globl _T6963C_calculateAddress
                            146 	.globl _T6963C_writeAt
                            147 	.globl _T6963C_readFrom
                            148 	.globl _T6963C_initialize
                            149 ;--------------------------------------------------------
                            150 ; special function registers
                            151 ;--------------------------------------------------------
                            152 	.area RSEG    (ABS,DATA)
   0000                     153 	.org 0x0000
                    00E0    154 G$ACC$0$0 == 0x00e0
                    00E0    155 _ACC	=	0x00e0
                    00F0    156 G$B$0$0 == 0x00f0
                    00F0    157 _B	=	0x00f0
                    0083    158 G$DPH$0$0 == 0x0083
                    0083    159 _DPH	=	0x0083
                    0083    160 G$DP0H$0$0 == 0x0083
                    0083    161 _DP0H	=	0x0083
                    0082    162 G$DPL$0$0 == 0x0082
                    0082    163 _DPL	=	0x0082
                    0082    164 G$DP0L$0$0 == 0x0082
                    0082    165 _DP0L	=	0x0082
                    00A8    166 G$IE$0$0 == 0x00a8
                    00A8    167 _IE	=	0x00a8
                    00B8    168 G$IP$0$0 == 0x00b8
                    00B8    169 _IP	=	0x00b8
                    0080    170 G$P0$0$0 == 0x0080
                    0080    171 _P0	=	0x0080
                    0090    172 G$P1$0$0 == 0x0090
                    0090    173 _P1	=	0x0090
                    00A0    174 G$P2$0$0 == 0x00a0
                    00A0    175 _P2	=	0x00a0
                    00B0    176 G$P3$0$0 == 0x00b0
                    00B0    177 _P3	=	0x00b0
                    0087    178 G$PCON$0$0 == 0x0087
                    0087    179 _PCON	=	0x0087
                    00D0    180 G$PSW$0$0 == 0x00d0
                    00D0    181 _PSW	=	0x00d0
                    0099    182 G$SBUF$0$0 == 0x0099
                    0099    183 _SBUF	=	0x0099
                    0099    184 G$SBUF0$0$0 == 0x0099
                    0099    185 _SBUF0	=	0x0099
                    0098    186 G$SCON$0$0 == 0x0098
                    0098    187 _SCON	=	0x0098
                    0081    188 G$SP$0$0 == 0x0081
                    0081    189 _SP	=	0x0081
                    0088    190 G$TCON$0$0 == 0x0088
                    0088    191 _TCON	=	0x0088
                    008C    192 G$TH0$0$0 == 0x008c
                    008C    193 _TH0	=	0x008c
                    008D    194 G$TH1$0$0 == 0x008d
                    008D    195 _TH1	=	0x008d
                    008A    196 G$TL0$0$0 == 0x008a
                    008A    197 _TL0	=	0x008a
                    008B    198 G$TL1$0$0 == 0x008b
                    008B    199 _TL1	=	0x008b
                    0089    200 G$TMOD$0$0 == 0x0089
                    0089    201 _TMOD	=	0x0089
                            202 ;--------------------------------------------------------
                            203 ; special function bits
                            204 ;--------------------------------------------------------
                            205 	.area RSEG    (ABS,DATA)
   0000                     206 	.org 0x0000
                    00F0    207 G$BREG_F0$0$0 == 0x00f0
                    00F0    208 _BREG_F0	=	0x00f0
                    00F1    209 G$BREG_F1$0$0 == 0x00f1
                    00F1    210 _BREG_F1	=	0x00f1
                    00F2    211 G$BREG_F2$0$0 == 0x00f2
                    00F2    212 _BREG_F2	=	0x00f2
                    00F3    213 G$BREG_F3$0$0 == 0x00f3
                    00F3    214 _BREG_F3	=	0x00f3
                    00F4    215 G$BREG_F4$0$0 == 0x00f4
                    00F4    216 _BREG_F4	=	0x00f4
                    00F5    217 G$BREG_F5$0$0 == 0x00f5
                    00F5    218 _BREG_F5	=	0x00f5
                    00F6    219 G$BREG_F6$0$0 == 0x00f6
                    00F6    220 _BREG_F6	=	0x00f6
                    00F7    221 G$BREG_F7$0$0 == 0x00f7
                    00F7    222 _BREG_F7	=	0x00f7
                    00A8    223 G$EX0$0$0 == 0x00a8
                    00A8    224 _EX0	=	0x00a8
                    00A9    225 G$ET0$0$0 == 0x00a9
                    00A9    226 _ET0	=	0x00a9
                    00AA    227 G$EX1$0$0 == 0x00aa
                    00AA    228 _EX1	=	0x00aa
                    00AB    229 G$ET1$0$0 == 0x00ab
                    00AB    230 _ET1	=	0x00ab
                    00AC    231 G$ES$0$0 == 0x00ac
                    00AC    232 _ES	=	0x00ac
                    00AF    233 G$EA$0$0 == 0x00af
                    00AF    234 _EA	=	0x00af
                    00B8    235 G$PX0$0$0 == 0x00b8
                    00B8    236 _PX0	=	0x00b8
                    00B9    237 G$PT0$0$0 == 0x00b9
                    00B9    238 _PT0	=	0x00b9
                    00BA    239 G$PX1$0$0 == 0x00ba
                    00BA    240 _PX1	=	0x00ba
                    00BB    241 G$PT1$0$0 == 0x00bb
                    00BB    242 _PT1	=	0x00bb
                    00BC    243 G$PS$0$0 == 0x00bc
                    00BC    244 _PS	=	0x00bc
                    0080    245 G$P0_0$0$0 == 0x0080
                    0080    246 _P0_0	=	0x0080
                    0081    247 G$P0_1$0$0 == 0x0081
                    0081    248 _P0_1	=	0x0081
                    0082    249 G$P0_2$0$0 == 0x0082
                    0082    250 _P0_2	=	0x0082
                    0083    251 G$P0_3$0$0 == 0x0083
                    0083    252 _P0_3	=	0x0083
                    0084    253 G$P0_4$0$0 == 0x0084
                    0084    254 _P0_4	=	0x0084
                    0085    255 G$P0_5$0$0 == 0x0085
                    0085    256 _P0_5	=	0x0085
                    0086    257 G$P0_6$0$0 == 0x0086
                    0086    258 _P0_6	=	0x0086
                    0087    259 G$P0_7$0$0 == 0x0087
                    0087    260 _P0_7	=	0x0087
                    0090    261 G$P1_0$0$0 == 0x0090
                    0090    262 _P1_0	=	0x0090
                    0091    263 G$P1_1$0$0 == 0x0091
                    0091    264 _P1_1	=	0x0091
                    0092    265 G$P1_2$0$0 == 0x0092
                    0092    266 _P1_2	=	0x0092
                    0093    267 G$P1_3$0$0 == 0x0093
                    0093    268 _P1_3	=	0x0093
                    0094    269 G$P1_4$0$0 == 0x0094
                    0094    270 _P1_4	=	0x0094
                    0095    271 G$P1_5$0$0 == 0x0095
                    0095    272 _P1_5	=	0x0095
                    0096    273 G$P1_6$0$0 == 0x0096
                    0096    274 _P1_6	=	0x0096
                    0097    275 G$P1_7$0$0 == 0x0097
                    0097    276 _P1_7	=	0x0097
                    00A0    277 G$P2_0$0$0 == 0x00a0
                    00A0    278 _P2_0	=	0x00a0
                    00A1    279 G$P2_1$0$0 == 0x00a1
                    00A1    280 _P2_1	=	0x00a1
                    00A2    281 G$P2_2$0$0 == 0x00a2
                    00A2    282 _P2_2	=	0x00a2
                    00A3    283 G$P2_3$0$0 == 0x00a3
                    00A3    284 _P2_3	=	0x00a3
                    00A4    285 G$P2_4$0$0 == 0x00a4
                    00A4    286 _P2_4	=	0x00a4
                    00A5    287 G$P2_5$0$0 == 0x00a5
                    00A5    288 _P2_5	=	0x00a5
                    00A6    289 G$P2_6$0$0 == 0x00a6
                    00A6    290 _P2_6	=	0x00a6
                    00A7    291 G$P2_7$0$0 == 0x00a7
                    00A7    292 _P2_7	=	0x00a7
                    00B0    293 G$P3_0$0$0 == 0x00b0
                    00B0    294 _P3_0	=	0x00b0
                    00B1    295 G$P3_1$0$0 == 0x00b1
                    00B1    296 _P3_1	=	0x00b1
                    00B2    297 G$P3_2$0$0 == 0x00b2
                    00B2    298 _P3_2	=	0x00b2
                    00B3    299 G$P3_3$0$0 == 0x00b3
                    00B3    300 _P3_3	=	0x00b3
                    00B4    301 G$P3_4$0$0 == 0x00b4
                    00B4    302 _P3_4	=	0x00b4
                    00B5    303 G$P3_5$0$0 == 0x00b5
                    00B5    304 _P3_5	=	0x00b5
                    00B6    305 G$P3_6$0$0 == 0x00b6
                    00B6    306 _P3_6	=	0x00b6
                    00B7    307 G$P3_7$0$0 == 0x00b7
                    00B7    308 _P3_7	=	0x00b7
                    00B0    309 G$RXD$0$0 == 0x00b0
                    00B0    310 _RXD	=	0x00b0
                    00B0    311 G$RXD0$0$0 == 0x00b0
                    00B0    312 _RXD0	=	0x00b0
                    00B1    313 G$TXD$0$0 == 0x00b1
                    00B1    314 _TXD	=	0x00b1
                    00B1    315 G$TXD0$0$0 == 0x00b1
                    00B1    316 _TXD0	=	0x00b1
                    00B2    317 G$INT0$0$0 == 0x00b2
                    00B2    318 _INT0	=	0x00b2
                    00B3    319 G$INT1$0$0 == 0x00b3
                    00B3    320 _INT1	=	0x00b3
                    00B4    321 G$T0$0$0 == 0x00b4
                    00B4    322 _T0	=	0x00b4
                    00B5    323 G$T1$0$0 == 0x00b5
                    00B5    324 _T1	=	0x00b5
                    00B6    325 G$WR$0$0 == 0x00b6
                    00B6    326 _WR	=	0x00b6
                    00B7    327 G$RD$0$0 == 0x00b7
                    00B7    328 _RD	=	0x00b7
                    00D0    329 G$P$0$0 == 0x00d0
                    00D0    330 _P	=	0x00d0
                    00D1    331 G$F1$0$0 == 0x00d1
                    00D1    332 _F1	=	0x00d1
                    00D2    333 G$OV$0$0 == 0x00d2
                    00D2    334 _OV	=	0x00d2
                    00D3    335 G$RS0$0$0 == 0x00d3
                    00D3    336 _RS0	=	0x00d3
                    00D4    337 G$RS1$0$0 == 0x00d4
                    00D4    338 _RS1	=	0x00d4
                    00D5    339 G$F0$0$0 == 0x00d5
                    00D5    340 _F0	=	0x00d5
                    00D6    341 G$AC$0$0 == 0x00d6
                    00D6    342 _AC	=	0x00d6
                    00D7    343 G$CY$0$0 == 0x00d7
                    00D7    344 _CY	=	0x00d7
                    0098    345 G$RI$0$0 == 0x0098
                    0098    346 _RI	=	0x0098
                    0099    347 G$TI$0$0 == 0x0099
                    0099    348 _TI	=	0x0099
                    009A    349 G$RB8$0$0 == 0x009a
                    009A    350 _RB8	=	0x009a
                    009B    351 G$TB8$0$0 == 0x009b
                    009B    352 _TB8	=	0x009b
                    009C    353 G$REN$0$0 == 0x009c
                    009C    354 _REN	=	0x009c
                    009D    355 G$SM2$0$0 == 0x009d
                    009D    356 _SM2	=	0x009d
                    009E    357 G$SM1$0$0 == 0x009e
                    009E    358 _SM1	=	0x009e
                    009F    359 G$SM0$0$0 == 0x009f
                    009F    360 _SM0	=	0x009f
                    0088    361 G$IT0$0$0 == 0x0088
                    0088    362 _IT0	=	0x0088
                    0089    363 G$IE0$0$0 == 0x0089
                    0089    364 _IE0	=	0x0089
                    008A    365 G$IT1$0$0 == 0x008a
                    008A    366 _IT1	=	0x008a
                    008B    367 G$IE1$0$0 == 0x008b
                    008B    368 _IE1	=	0x008b
                    008C    369 G$TR0$0$0 == 0x008c
                    008C    370 _TR0	=	0x008c
                    008D    371 G$TF0$0$0 == 0x008d
                    008D    372 _TF0	=	0x008d
                    008E    373 G$TR1$0$0 == 0x008e
                    008E    374 _TR1	=	0x008e
                    008F    375 G$TF1$0$0 == 0x008f
                    008F    376 _TF1	=	0x008f
                            377 ;--------------------------------------------------------
                            378 ; overlayable register banks
                            379 ;--------------------------------------------------------
                            380 	.area REG_BANK_0	(REL,OVR,DATA)
   0000                     381 	.ds 8
                            382 ;--------------------------------------------------------
                            383 ; internal ram data
                            384 ;--------------------------------------------------------
                            385 	.area DSEG    (DATA)
                    0000    386 LT6963C_autoWrite$sloc0$1$0==.
   0000                     387 _T6963C_autoWrite_sloc0_1_0:
   0000                     388 	.ds 2
                            389 ;--------------------------------------------------------
                            390 ; overlayable items in internal ram 
                            391 ;--------------------------------------------------------
                            392 	.area OSEG    (OVR,DATA)
                            393 ;--------------------------------------------------------
                            394 ; indirectly addressable internal ram data
                            395 ;--------------------------------------------------------
                            396 	.area ISEG    (DATA)
                            397 ;--------------------------------------------------------
                            398 ; absolute internal ram data
                            399 ;--------------------------------------------------------
                            400 	.area IABS    (ABS,DATA)
                            401 	.area IABS    (ABS,DATA)
                            402 ;--------------------------------------------------------
                            403 ; bit data
                            404 ;--------------------------------------------------------
                            405 	.area BSEG    (BIT)
                            406 ;--------------------------------------------------------
                            407 ; paged external ram data
                            408 ;--------------------------------------------------------
                            409 	.area PSEG    (PAG,XDATA)
                            410 ;--------------------------------------------------------
                            411 ; external ram data
                            412 ;--------------------------------------------------------
                            413 	.area XSEG    (XDATA)
                    0000    414 LT6963C_noDataCommand$command$1$1==.
   0000                     415 _T6963C_noDataCommand_command_1_1:
   0000                     416 	.ds 1
                    0001    417 LT6963C_oneDataCommand$data1$1$1==.
   0001                     418 _T6963C_oneDataCommand_PARM_2:
   0001                     419 	.ds 1
                    0002    420 LT6963C_oneDataCommand$command$1$1==.
   0002                     421 _T6963C_oneDataCommand_command_1_1:
   0002                     422 	.ds 1
                    0003    423 LT6963C_twoDataCommand$data1$1$1==.
   0003                     424 _T6963C_twoDataCommand_PARM_2:
   0003                     425 	.ds 1
                    0004    426 LT6963C_twoDataCommand$data2$1$1==.
   0004                     427 _T6963C_twoDataCommand_PARM_3:
   0004                     428 	.ds 1
                    0005    429 LT6963C_twoDataCommand$command$1$1==.
   0005                     430 _T6963C_twoDataCommand_command_1_1:
   0005                     431 	.ds 1
                    0006    432 LT6963C_addressCommand$address$1$1==.
   0006                     433 _T6963C_addressCommand_PARM_2:
   0006                     434 	.ds 2
                    0008    435 LT6963C_addressCommand$command$1$1==.
   0008                     436 _T6963C_addressCommand_command_1_1:
   0008                     437 	.ds 1
                    0009    438 LT6963C_addressCommand$b$1$1==.
   0009                     439 _T6963C_addressCommand_b_1_1:
   0009                     440 	.ds 3
                    000C    441 LT6963C_dataWrite$data1$1$1==.
   000C                     442 _T6963C_dataWrite_PARM_2:
   000C                     443 	.ds 1
                    000D    444 LT6963C_dataWrite$address$1$1==.
   000D                     445 _T6963C_dataWrite_address_1_1:
   000D                     446 	.ds 2
                    000F    447 LT6963C_dataRead$address$1$1==.
   000F                     448 _T6963C_dataRead_address_1_1:
   000F                     449 	.ds 2
                    0011    450 LT6963C_autoWrite$data1$1$1==.
   0011                     451 _T6963C_autoWrite_PARM_2:
   0011                     452 	.ds 3
                    0014    453 LT6963C_autoWrite$size$1$1==.
   0014                     454 _T6963C_autoWrite_PARM_3:
   0014                     455 	.ds 2
                    0016    456 LT6963C_autoWrite$address$1$1==.
   0016                     457 _T6963C_autoWrite_address_1_1:
   0016                     458 	.ds 2
                    0018    459 LT6963C_autoWrite$n$1$1==.
   0018                     460 _T6963C_autoWrite_n_1_1:
   0018                     461 	.ds 2
                    001A    462 LT6963C_autoRepeat$data1$1$1==.
   001A                     463 _T6963C_autoRepeat_PARM_2:
   001A                     464 	.ds 1
                    001B    465 LT6963C_autoRepeat$repeats$1$1==.
   001B                     466 _T6963C_autoRepeat_PARM_3:
   001B                     467 	.ds 2
                    001D    468 LT6963C_autoRepeat$address$1$1==.
   001D                     469 _T6963C_autoRepeat_address_1_1:
   001D                     470 	.ds 2
                    001F    471 LT6963C_autoRepeat$n$1$1==.
   001F                     472 _T6963C_autoRepeat_n_1_1:
   001F                     473 	.ds 2
                    0021    474 LT6963C_calculateAddress$y$1$1==.
   0021                     475 _T6963C_calculateAddress_PARM_2:
   0021                     476 	.ds 1
                    0022    477 LT6963C_calculateAddress$x$1$1==.
   0022                     478 _T6963C_calculateAddress_x_1_1:
   0022                     479 	.ds 1
                    0023    480 LT6963C_writeAt$y$1$1==.
   0023                     481 _T6963C_writeAt_PARM_2:
   0023                     482 	.ds 1
                    0024    483 LT6963C_writeAt$c$1$1==.
   0024                     484 _T6963C_writeAt_PARM_3:
   0024                     485 	.ds 1
                    0025    486 LT6963C_writeAt$x$1$1==.
   0025                     487 _T6963C_writeAt_x_1_1:
   0025                     488 	.ds 1
                    0026    489 LT6963C_readFrom$y$1$1==.
   0026                     490 _T6963C_readFrom_PARM_2:
   0026                     491 	.ds 1
                    0027    492 LT6963C_readFrom$x$1$1==.
   0027                     493 _T6963C_readFrom_x_1_1:
   0027                     494 	.ds 1
                            495 ;--------------------------------------------------------
                            496 ; absolute external ram data
                            497 ;--------------------------------------------------------
                            498 	.area XABS    (ABS,XDATA)
                            499 ;--------------------------------------------------------
                            500 ; external initialized ram data
                            501 ;--------------------------------------------------------
                            502 	.area XISEG   (XDATA)
                    0000    503 G$_t6963c$0$0==.
   0000                     504 __t6963c::
   0000                     505 	.ds 2
                            506 	.area HOME    (CODE)
                            507 	.area GSINIT0 (CODE)
                            508 	.area GSINIT1 (CODE)
                            509 	.area GSINIT2 (CODE)
                            510 	.area GSINIT3 (CODE)
                            511 	.area GSINIT4 (CODE)
                            512 	.area GSINIT5 (CODE)
                            513 	.area GSINIT  (CODE)
                            514 	.area GSFINAL (CODE)
                            515 	.area CSEG    (CODE)
                            516 ;--------------------------------------------------------
                            517 ; global & static initialisations
                            518 ;--------------------------------------------------------
                            519 	.area HOME    (CODE)
                            520 	.area GSINIT  (CODE)
                            521 	.area GSFINAL (CODE)
                            522 	.area GSINIT  (CODE)
                            523 ;--------------------------------------------------------
                            524 ; Home
                            525 ;--------------------------------------------------------
                            526 	.area HOME    (CODE)
                            527 	.area HOME    (CODE)
                            528 ;--------------------------------------------------------
                            529 ; code
                            530 ;--------------------------------------------------------
                            531 	.area CSEG    (CODE)
                            532 ;------------------------------------------------------------
                            533 ;Allocation info for local variables in function 'T6963C_statusCheck'
                            534 ;------------------------------------------------------------
                            535 ;status                    Allocated with name '_T6963C_statusCheck_status_1_1'
                            536 ;------------------------------------------------------------
                    0000    537 	G$T6963C_statusCheck$0$0 ==.
                    0000    538 	C$t6963c.c$21$0$0 ==.
                            539 ;	../t6963c.c:21: void T6963C_statusCheck() {
                            540 ;	-----------------------------------------
                            541 ;	 function T6963C_statusCheck
                            542 ;	-----------------------------------------
   0000                     543 _T6963C_statusCheck:
                    0002    544 	ar2 = 0x02
                    0003    545 	ar3 = 0x03
                    0004    546 	ar4 = 0x04
                    0005    547 	ar5 = 0x05
                    0006    548 	ar6 = 0x06
                    0007    549 	ar7 = 0x07
                    0000    550 	ar0 = 0x00
                    0001    551 	ar1 = 0x01
                    0000    552 	C$t6963c.c$23$1$1 ==.
                            553 ;	../t6963c.c:23: do {
   0000                     554 00101$:
                    0000    555 	C$t6963c.c$24$2$2 ==.
                            556 ;	../t6963c.c:24: status = _t6963c[CD_COMMAND];
   0000 90s00r00            557 	mov	dptr,#__t6963c
   0003 E0                  558 	movx	a,@dptr
   0004 FA                  559 	mov	r2,a
   0005 A3                  560 	inc	dptr
   0006 E0                  561 	movx	a,@dptr
   0007 FB                  562 	mov	r3,a
   0008 8A 82               563 	mov	dpl,r2
   000A 8B 83               564 	mov	dph,r3
   000C A3                  565 	inc	dptr
   000D E0                  566 	movx	a,@dptr
   000E FA                  567 	mov	r2,a
                    000F    568 	C$t6963c.c$25$2$2 ==.
                            569 ;	../t6963c.c:25: status &= STA0_STA1;
   000F 53 02 03            570 	anl	ar2,#0x03
                    0012    571 	C$t6963c.c$26$1$1 ==.
                            572 ;	../t6963c.c:26: } while (status != STA0_STA1);
   0012 BA 03 EB            573 	cjne	r2,#0x03,00101$
                    0015    574 	C$t6963c.c$27$1$1 ==.
                    0015    575 	XG$T6963C_statusCheck$0$0 ==.
   0015 22                  576 	ret
                            577 ;------------------------------------------------------------
                            578 ;Allocation info for local variables in function 'T6963C_noDataCommand'
                            579 ;------------------------------------------------------------
                            580 ;command                   Allocated with name '_T6963C_noDataCommand_command_1_1'
                            581 ;------------------------------------------------------------
                    0016    582 	G$T6963C_noDataCommand$0$0 ==.
                    0016    583 	C$t6963c.c$33$1$1 ==.
                            584 ;	../t6963c.c:33: void T6963C_noDataCommand(unsigned char command) {
                            585 ;	-----------------------------------------
                            586 ;	 function T6963C_noDataCommand
                            587 ;	-----------------------------------------
   0016                     588 _T6963C_noDataCommand:
   0016 E5 82               589 	mov	a,dpl
   0018 90s00r00            590 	mov	dptr,#_T6963C_noDataCommand_command_1_1
   001B F0                  591 	movx	@dptr,a
                    001C    592 	C$t6963c.c$34$1$1 ==.
                            593 ;	../t6963c.c:34: T6963C_statusCheck();
   001C 12s00r00            594 	lcall	_T6963C_statusCheck
                    001F    595 	C$t6963c.c$35$1$1 ==.
                            596 ;	../t6963c.c:35: _t6963c[CD_COMMAND] = command;
   001F 90s00r00            597 	mov	dptr,#__t6963c
   0022 E0                  598 	movx	a,@dptr
   0023 FA                  599 	mov	r2,a
   0024 A3                  600 	inc	dptr
   0025 E0                  601 	movx	a,@dptr
   0026 FB                  602 	mov	r3,a
   0027 0A                  603 	inc	r2
   0028 BA 00 01            604 	cjne	r2,#0x00,00103$
   002B 0B                  605 	inc	r3
   002C                     606 00103$:
   002C 90s00r00            607 	mov	dptr,#_T6963C_noDataCommand_command_1_1
   002F E0                  608 	movx	a,@dptr
   0030 8A 82               609 	mov	dpl,r2
   0032 8B 83               610 	mov	dph,r3
   0034 F0                  611 	movx	@dptr,a
                    0035    612 	C$t6963c.c$36$1$1 ==.
                    0035    613 	XG$T6963C_noDataCommand$0$0 ==.
   0035 22                  614 	ret
                            615 ;------------------------------------------------------------
                            616 ;Allocation info for local variables in function 'T6963C_oneDataCommand'
                            617 ;------------------------------------------------------------
                            618 ;data1                     Allocated with name '_T6963C_oneDataCommand_PARM_2'
                            619 ;command                   Allocated with name '_T6963C_oneDataCommand_command_1_1'
                            620 ;------------------------------------------------------------
                    0036    621 	G$T6963C_oneDataCommand$0$0 ==.
                    0036    622 	C$t6963c.c$43$1$1 ==.
                            623 ;	../t6963c.c:43: void T6963C_oneDataCommand(unsigned char command, unsigned char data1) {
                            624 ;	-----------------------------------------
                            625 ;	 function T6963C_oneDataCommand
                            626 ;	-----------------------------------------
   0036                     627 _T6963C_oneDataCommand:
   0036 E5 82               628 	mov	a,dpl
   0038 90s00r02            629 	mov	dptr,#_T6963C_oneDataCommand_command_1_1
   003B F0                  630 	movx	@dptr,a
                    003C    631 	C$t6963c.c$44$1$1 ==.
                            632 ;	../t6963c.c:44: T6963C_statusCheck();
   003C 12s00r00            633 	lcall	_T6963C_statusCheck
                    003F    634 	C$t6963c.c$45$1$1 ==.
                            635 ;	../t6963c.c:45: _t6963c[CD_DATA] = data1;
   003F 90s00r00            636 	mov	dptr,#__t6963c
   0042 E0                  637 	movx	a,@dptr
   0043 FA                  638 	mov	r2,a
   0044 A3                  639 	inc	dptr
   0045 E0                  640 	movx	a,@dptr
   0046 FB                  641 	mov	r3,a
   0047 90s00r01            642 	mov	dptr,#_T6963C_oneDataCommand_PARM_2
   004A E0                  643 	movx	a,@dptr
   004B 8A 82               644 	mov	dpl,r2
   004D 8B 83               645 	mov	dph,r3
   004F F0                  646 	movx	@dptr,a
                    0050    647 	C$t6963c.c$46$1$1 ==.
                            648 ;	../t6963c.c:46: T6963C_statusCheck();
   0050 12s00r00            649 	lcall	_T6963C_statusCheck
                    0053    650 	C$t6963c.c$47$1$1 ==.
                            651 ;	../t6963c.c:47: _t6963c[CD_COMMAND] = command;
   0053 90s00r00            652 	mov	dptr,#__t6963c
   0056 E0                  653 	movx	a,@dptr
   0057 FA                  654 	mov	r2,a
   0058 A3                  655 	inc	dptr
   0059 E0                  656 	movx	a,@dptr
   005A FB                  657 	mov	r3,a
   005B 0A                  658 	inc	r2
   005C BA 00 01            659 	cjne	r2,#0x00,00103$
   005F 0B                  660 	inc	r3
   0060                     661 00103$:
   0060 90s00r02            662 	mov	dptr,#_T6963C_oneDataCommand_command_1_1
   0063 E0                  663 	movx	a,@dptr
   0064 8A 82               664 	mov	dpl,r2
   0066 8B 83               665 	mov	dph,r3
   0068 F0                  666 	movx	@dptr,a
                    0069    667 	C$t6963c.c$48$1$1 ==.
                    0069    668 	XG$T6963C_oneDataCommand$0$0 ==.
   0069 22                  669 	ret
                            670 ;------------------------------------------------------------
                            671 ;Allocation info for local variables in function 'T6963C_twoDataCommand'
                            672 ;------------------------------------------------------------
                            673 ;data1                     Allocated with name '_T6963C_twoDataCommand_PARM_2'
                            674 ;data2                     Allocated with name '_T6963C_twoDataCommand_PARM_3'
                            675 ;command                   Allocated with name '_T6963C_twoDataCommand_command_1_1'
                            676 ;------------------------------------------------------------
                    006A    677 	G$T6963C_twoDataCommand$0$0 ==.
                    006A    678 	C$t6963c.c$56$1$1 ==.
                            679 ;	../t6963c.c:56: void T6963C_twoDataCommand(unsigned char command, 
                            680 ;	-----------------------------------------
                            681 ;	 function T6963C_twoDataCommand
                            682 ;	-----------------------------------------
   006A                     683 _T6963C_twoDataCommand:
   006A E5 82               684 	mov	a,dpl
   006C 90s00r05            685 	mov	dptr,#_T6963C_twoDataCommand_command_1_1
   006F F0                  686 	movx	@dptr,a
                    0070    687 	C$t6963c.c$59$1$1 ==.
                            688 ;	../t6963c.c:59: T6963C_statusCheck();
   0070 12s00r00            689 	lcall	_T6963C_statusCheck
                    0073    690 	C$t6963c.c$60$1$1 ==.
                            691 ;	../t6963c.c:60: _t6963c[CD_DATA] = data1;
   0073 90s00r00            692 	mov	dptr,#__t6963c
   0076 E0                  693 	movx	a,@dptr
   0077 FA                  694 	mov	r2,a
   0078 A3                  695 	inc	dptr
   0079 E0                  696 	movx	a,@dptr
   007A FB                  697 	mov	r3,a
   007B 90s00r03            698 	mov	dptr,#_T6963C_twoDataCommand_PARM_2
   007E E0                  699 	movx	a,@dptr
   007F 8A 82               700 	mov	dpl,r2
   0081 8B 83               701 	mov	dph,r3
   0083 F0                  702 	movx	@dptr,a
                    0084    703 	C$t6963c.c$61$1$1 ==.
                            704 ;	../t6963c.c:61: T6963C_statusCheck();
   0084 12s00r00            705 	lcall	_T6963C_statusCheck
                    0087    706 	C$t6963c.c$62$1$1 ==.
                            707 ;	../t6963c.c:62: _t6963c[CD_DATA] = data2;
   0087 90s00r00            708 	mov	dptr,#__t6963c
   008A E0                  709 	movx	a,@dptr
   008B FA                  710 	mov	r2,a
   008C A3                  711 	inc	dptr
   008D E0                  712 	movx	a,@dptr
   008E FB                  713 	mov	r3,a
   008F 90s00r04            714 	mov	dptr,#_T6963C_twoDataCommand_PARM_3
   0092 E0                  715 	movx	a,@dptr
   0093 8A 82               716 	mov	dpl,r2
   0095 8B 83               717 	mov	dph,r3
   0097 F0                  718 	movx	@dptr,a
                    0098    719 	C$t6963c.c$63$1$1 ==.
                            720 ;	../t6963c.c:63: T6963C_statusCheck();
   0098 12s00r00            721 	lcall	_T6963C_statusCheck
                    009B    722 	C$t6963c.c$64$1$1 ==.
                            723 ;	../t6963c.c:64: _t6963c[CD_COMMAND] = command;
   009B 90s00r00            724 	mov	dptr,#__t6963c
   009E E0                  725 	movx	a,@dptr
   009F FA                  726 	mov	r2,a
   00A0 A3                  727 	inc	dptr
   00A1 E0                  728 	movx	a,@dptr
   00A2 FB                  729 	mov	r3,a
   00A3 0A                  730 	inc	r2
   00A4 BA 00 01            731 	cjne	r2,#0x00,00103$
   00A7 0B                  732 	inc	r3
   00A8                     733 00103$:
   00A8 90s00r05            734 	mov	dptr,#_T6963C_twoDataCommand_command_1_1
   00AB E0                  735 	movx	a,@dptr
   00AC 8A 82               736 	mov	dpl,r2
   00AE 8B 83               737 	mov	dph,r3
   00B0 F0                  738 	movx	@dptr,a
                    00B1    739 	C$t6963c.c$65$1$1 ==.
                    00B1    740 	XG$T6963C_twoDataCommand$0$0 ==.
   00B1 22                  741 	ret
                            742 ;------------------------------------------------------------
                            743 ;Allocation info for local variables in function 'T6963C_addressCommand'
                            744 ;------------------------------------------------------------
                            745 ;address                   Allocated with name '_T6963C_addressCommand_PARM_2'
                            746 ;command                   Allocated with name '_T6963C_addressCommand_command_1_1'
                            747 ;b                         Allocated with name '_T6963C_addressCommand_b_1_1'
                            748 ;------------------------------------------------------------
                    00B2    749 	G$T6963C_addressCommand$0$0 ==.
                    00B2    750 	C$t6963c.c$72$1$1 ==.
                            751 ;	../t6963c.c:72: void T6963C_addressCommand(unsigned char command, 
                            752 ;	-----------------------------------------
                            753 ;	 function T6963C_addressCommand
                            754 ;	-----------------------------------------
   00B2                     755 _T6963C_addressCommand:
   00B2 E5 82               756 	mov	a,dpl
   00B4 90s00r08            757 	mov	dptr,#_T6963C_addressCommand_command_1_1
   00B7 F0                  758 	movx	@dptr,a
                    00B8    759 	C$t6963c.c$74$1$1 ==.
                            760 ;	../t6963c.c:74: unsigned char *b = (unsigned char *) &address;
   00B8 90s00r09            761 	mov	dptr,#_T6963C_addressCommand_b_1_1
   00BB 74r06               762 	mov	a,#_T6963C_addressCommand_PARM_2
   00BD F0                  763 	movx	@dptr,a
   00BE A3                  764 	inc	dptr
   00BF 74s00               765 	mov	a,#(_T6963C_addressCommand_PARM_2 >> 8)
   00C1 F0                  766 	movx	@dptr,a
   00C2 A3                  767 	inc	dptr
   00C3 E4                  768 	clr	a
   00C4 F0                  769 	movx	@dptr,a
                    00C5    770 	C$t6963c.c$75$1$1 ==.
                            771 ;	../t6963c.c:75: T6963C_statusCheck();
   00C5 12s00r00            772 	lcall	_T6963C_statusCheck
                    00C8    773 	C$t6963c.c$76$1$1 ==.
                            774 ;	../t6963c.c:76: _t6963c[CD_DATA] = b[0];
   00C8 90s00r00            775 	mov	dptr,#__t6963c
   00CB E0                  776 	movx	a,@dptr
   00CC FA                  777 	mov	r2,a
   00CD A3                  778 	inc	dptr
   00CE E0                  779 	movx	a,@dptr
   00CF FB                  780 	mov	r3,a
   00D0 90s00r09            781 	mov	dptr,#_T6963C_addressCommand_b_1_1
   00D3 E0                  782 	movx	a,@dptr
   00D4 FC                  783 	mov	r4,a
   00D5 A3                  784 	inc	dptr
   00D6 E0                  785 	movx	a,@dptr
   00D7 FD                  786 	mov	r5,a
   00D8 A3                  787 	inc	dptr
   00D9 E0                  788 	movx	a,@dptr
   00DA FE                  789 	mov	r6,a
   00DB 8C 82               790 	mov	dpl,r4
   00DD 8D 83               791 	mov	dph,r5
   00DF 8E F0               792 	mov	b,r6
   00E1 12s00r00            793 	lcall	__gptrget
   00E4 8A 82               794 	mov	dpl,r2
   00E6 8B 83               795 	mov	dph,r3
   00E8 F0                  796 	movx	@dptr,a
                    00E9    797 	C$t6963c.c$77$1$1 ==.
                            798 ;	../t6963c.c:77: T6963C_statusCheck();
   00E9 C0 04               799 	push	ar4
   00EB C0 05               800 	push	ar5
   00ED C0 06               801 	push	ar6
   00EF 12s00r00            802 	lcall	_T6963C_statusCheck
   00F2 D0 06               803 	pop	ar6
   00F4 D0 05               804 	pop	ar5
   00F6 D0 04               805 	pop	ar4
                    00F8    806 	C$t6963c.c$78$1$1 ==.
                            807 ;	../t6963c.c:78: _t6963c[CD_DATA] = b[1];
   00F8 90s00r00            808 	mov	dptr,#__t6963c
   00FB E0                  809 	movx	a,@dptr
   00FC FA                  810 	mov	r2,a
   00FD A3                  811 	inc	dptr
   00FE E0                  812 	movx	a,@dptr
   00FF FB                  813 	mov	r3,a
   0100 0C                  814 	inc	r4
   0101 BC 00 01            815 	cjne	r4,#0x00,00103$
   0104 0D                  816 	inc	r5
   0105                     817 00103$:
   0105 8C 82               818 	mov	dpl,r4
   0107 8D 83               819 	mov	dph,r5
   0109 8E F0               820 	mov	b,r6
   010B 12s00r00            821 	lcall	__gptrget
   010E 8A 82               822 	mov	dpl,r2
   0110 8B 83               823 	mov	dph,r3
   0112 F0                  824 	movx	@dptr,a
                    0113    825 	C$t6963c.c$79$1$1 ==.
                            826 ;	../t6963c.c:79: T6963C_statusCheck();
   0113 12s00r00            827 	lcall	_T6963C_statusCheck
                    0116    828 	C$t6963c.c$80$1$1 ==.
                            829 ;	../t6963c.c:80: _t6963c[CD_COMMAND] = command;
   0116 90s00r00            830 	mov	dptr,#__t6963c
   0119 E0                  831 	movx	a,@dptr
   011A FA                  832 	mov	r2,a
   011B A3                  833 	inc	dptr
   011C E0                  834 	movx	a,@dptr
   011D FB                  835 	mov	r3,a
   011E 0A                  836 	inc	r2
   011F BA 00 01            837 	cjne	r2,#0x00,00104$
   0122 0B                  838 	inc	r3
   0123                     839 00104$:
   0123 90s00r08            840 	mov	dptr,#_T6963C_addressCommand_command_1_1
   0126 E0                  841 	movx	a,@dptr
   0127 8A 82               842 	mov	dpl,r2
   0129 8B 83               843 	mov	dph,r3
   012B F0                  844 	movx	@dptr,a
                    012C    845 	C$t6963c.c$81$1$1 ==.
                    012C    846 	XG$T6963C_addressCommand$0$0 ==.
   012C 22                  847 	ret
                            848 ;------------------------------------------------------------
                            849 ;Allocation info for local variables in function 'T6963C_dataWrite'
                            850 ;------------------------------------------------------------
                            851 ;data1                     Allocated with name '_T6963C_dataWrite_PARM_2'
                            852 ;address                   Allocated with name '_T6963C_dataWrite_address_1_1'
                            853 ;------------------------------------------------------------
                    012D    854 	G$T6963C_dataWrite$0$0 ==.
                    012D    855 	C$t6963c.c$89$1$1 ==.
                            856 ;	../t6963c.c:89: void T6963C_dataWrite(unsigned int address,unsigned char data1) {
                            857 ;	-----------------------------------------
                            858 ;	 function T6963C_dataWrite
                            859 ;	-----------------------------------------
   012D                     860 _T6963C_dataWrite:
                    012D    861 	C$t6963c.c$90$1$1 ==.
                            862 ;	../t6963c.c:90: T6963C_addressCommand(0x24,address);
   012D AA 83               863 	mov	r2,dph
   012F E5 82               864 	mov	a,dpl
   0131 90s00r0D            865 	mov	dptr,#_T6963C_dataWrite_address_1_1
   0134 F0                  866 	movx	@dptr,a
   0135 A3                  867 	inc	dptr
   0136 CA                  868 	xch	a,r2
   0137 F0                  869 	movx	@dptr,a
   0138 FB                  870 	mov	r3,a
   0139 90s00r06            871 	mov	dptr,#_T6963C_addressCommand_PARM_2
   013C EA                  872 	mov	a,r2
   013D F0                  873 	movx	@dptr,a
   013E A3                  874 	inc	dptr
   013F EB                  875 	mov	a,r3
   0140 F0                  876 	movx	@dptr,a
   0141 75 82 24            877 	mov	dpl,#0x24
   0144 12s00rB2            878 	lcall	_T6963C_addressCommand
                    0147    879 	C$t6963c.c$91$1$1 ==.
                            880 ;	../t6963c.c:91: T6963C_oneDataCommand(0xC0,data1);
   0147 90s00r0C            881 	mov	dptr,#_T6963C_dataWrite_PARM_2
   014A E0                  882 	movx	a,@dptr
   014B 90s00r01            883 	mov	dptr,#_T6963C_oneDataCommand_PARM_2
   014E F0                  884 	movx	@dptr,a
   014F 75 82 C0            885 	mov	dpl,#0xC0
                    0152    886 	C$t6963c.c$92$1$1 ==.
                    0152    887 	XG$T6963C_dataWrite$0$0 ==.
   0152 02s00r36            888 	ljmp	_T6963C_oneDataCommand
                            889 ;------------------------------------------------------------
                            890 ;Allocation info for local variables in function 'T6963C_dataRead'
                            891 ;------------------------------------------------------------
                            892 ;address                   Allocated with name '_T6963C_dataRead_address_1_1'
                            893 ;------------------------------------------------------------
                    0155    894 	G$T6963C_dataRead$0$0 ==.
                    0155    895 	C$t6963c.c$99$1$1 ==.
                            896 ;	../t6963c.c:99: unsigned char T6963C_dataRead(unsigned int address) {
                            897 ;	-----------------------------------------
                            898 ;	 function T6963C_dataRead
                            899 ;	-----------------------------------------
   0155                     900 _T6963C_dataRead:
                    0155    901 	C$t6963c.c$100$1$1 ==.
                            902 ;	../t6963c.c:100: T6963C_addressCommand(0x24,address);
   0155 AA 83               903 	mov	r2,dph
   0157 E5 82               904 	mov	a,dpl
   0159 90s00r0F            905 	mov	dptr,#_T6963C_dataRead_address_1_1
   015C F0                  906 	movx	@dptr,a
   015D A3                  907 	inc	dptr
   015E CA                  908 	xch	a,r2
   015F F0                  909 	movx	@dptr,a
   0160 FB                  910 	mov	r3,a
   0161 90s00r06            911 	mov	dptr,#_T6963C_addressCommand_PARM_2
   0164 EA                  912 	mov	a,r2
   0165 F0                  913 	movx	@dptr,a
   0166 A3                  914 	inc	dptr
   0167 EB                  915 	mov	a,r3
   0168 F0                  916 	movx	@dptr,a
   0169 75 82 24            917 	mov	dpl,#0x24
   016C 12s00rB2            918 	lcall	_T6963C_addressCommand
                    016F    919 	C$t6963c.c$101$1$1 ==.
                            920 ;	../t6963c.c:101: T6963C_noDataCommand(0xC1);
   016F 75 82 C1            921 	mov	dpl,#0xC1
   0172 12s00r16            922 	lcall	_T6963C_noDataCommand
                    0175    923 	C$t6963c.c$102$1$1 ==.
                            924 ;	../t6963c.c:102: return _t6963c[CD_DATA];
   0175 90s00r00            925 	mov	dptr,#__t6963c
   0178 E0                  926 	movx	a,@dptr
   0179 FA                  927 	mov	r2,a
   017A A3                  928 	inc	dptr
   017B E0                  929 	movx	a,@dptr
   017C FB                  930 	mov	r3,a
   017D 8A 82               931 	mov	dpl,r2
   017F 8B 83               932 	mov	dph,r3
   0181 E0                  933 	movx	a,@dptr
                    0182    934 	C$t6963c.c$103$1$1 ==.
                    0182    935 	XG$T6963C_dataRead$0$0 ==.
   0182 F5 82               936 	mov	dpl,a
   0184 22                  937 	ret
                            938 ;------------------------------------------------------------
                            939 ;Allocation info for local variables in function 'T6963C_statusCheckForAutoWrite'
                            940 ;------------------------------------------------------------
                            941 ;status                    Allocated with name '_T6963C_statusCheckForAutoWrite_status_1_1'
                            942 ;------------------------------------------------------------
                    0185    943 	G$T6963C_statusCheckForAutoWrite$0$0 ==.
                    0185    944 	C$t6963c.c$108$1$1 ==.
                            945 ;	../t6963c.c:108: void T6963C_statusCheckForAutoWrite() {
                            946 ;	-----------------------------------------
                            947 ;	 function T6963C_statusCheckForAutoWrite
                            948 ;	-----------------------------------------
   0185                     949 _T6963C_statusCheckForAutoWrite:
                    0185    950 	C$t6963c.c$110$1$1 ==.
                            951 ;	../t6963c.c:110: do {
   0185                     952 00101$:
                    0185    953 	C$t6963c.c$111$2$2 ==.
                            954 ;	../t6963c.c:111: status = _t6963c[CD_COMMAND];  // Pour activer C
   0185 90s00r00            955 	mov	dptr,#__t6963c
   0188 E0                  956 	movx	a,@dptr
   0189 FA                  957 	mov	r2,a
   018A A3                  958 	inc	dptr
   018B E0                  959 	movx	a,@dptr
   018C FB                  960 	mov	r3,a
   018D 8A 82               961 	mov	dpl,r2
   018F 8B 83               962 	mov	dph,r3
   0191 A3                  963 	inc	dptr
   0192 E0                  964 	movx	a,@dptr
   0193 FA                  965 	mov	r2,a
                    0194    966 	C$t6963c.c$112$2$2 ==.
                            967 ;	../t6963c.c:112: status &= STA_3;          // Vrifie STA3
   0194 53 02 08            968 	anl	ar2,#0x08
                    0197    969 	C$t6963c.c$113$1$1 ==.
                            970 ;	../t6963c.c:113: } while (status != STA_3);
   0197 BA 08 EB            971 	cjne	r2,#0x08,00101$
                    019A    972 	C$t6963c.c$114$1$1 ==.
                    019A    973 	XG$T6963C_statusCheckForAutoWrite$0$0 ==.
   019A 22                  974 	ret
                            975 ;------------------------------------------------------------
                            976 ;Allocation info for local variables in function 'T6963C_autoWrite'
                            977 ;------------------------------------------------------------
                            978 ;sloc0                     Allocated with name '_T6963C_autoWrite_sloc0_1_0'
                            979 ;data1                     Allocated with name '_T6963C_autoWrite_PARM_2'
                            980 ;size                      Allocated with name '_T6963C_autoWrite_PARM_3'
                            981 ;address                   Allocated with name '_T6963C_autoWrite_address_1_1'
                            982 ;n                         Allocated with name '_T6963C_autoWrite_n_1_1'
                            983 ;------------------------------------------------------------
                    019B    984 	G$T6963C_autoWrite$0$0 ==.
                    019B    985 	C$t6963c.c$124$1$1 ==.
                            986 ;	../t6963c.c:124: unsigned int T6963C_autoWrite(unsigned int address, 
                            987 ;	-----------------------------------------
                            988 ;	 function T6963C_autoWrite
                            989 ;	-----------------------------------------
   019B                     990 _T6963C_autoWrite:
                    019B    991 	C$t6963c.c$128$1$1 ==.
                            992 ;	../t6963c.c:128: T6963C_addressCommand(0x24, address);
   019B AA 83               993 	mov	r2,dph
   019D E5 82               994 	mov	a,dpl
   019F 90s00r16            995 	mov	dptr,#_T6963C_autoWrite_address_1_1
   01A2 F0                  996 	movx	@dptr,a
   01A3 A3                  997 	inc	dptr
   01A4 CA                  998 	xch	a,r2
   01A5 F0                  999 	movx	@dptr,a
   01A6 FB                 1000 	mov	r3,a
   01A7 90s00r06           1001 	mov	dptr,#_T6963C_addressCommand_PARM_2
   01AA EA                 1002 	mov	a,r2
   01AB F0                 1003 	movx	@dptr,a
   01AC A3                 1004 	inc	dptr
   01AD EB                 1005 	mov	a,r3
   01AE F0                 1006 	movx	@dptr,a
   01AF 75 82 24           1007 	mov	dpl,#0x24
   01B2 12s00rB2           1008 	lcall	_T6963C_addressCommand
                    01B5   1009 	C$t6963c.c$129$1$1 ==.
                           1010 ;	../t6963c.c:129: T6963C_noDataCommand(0xB0);
   01B5 75 82 B0           1011 	mov	dpl,#0xB0
   01B8 12s00r16           1012 	lcall	_T6963C_noDataCommand
                    01BB   1013 	C$t6963c.c$130$1$1 ==.
                           1014 ;	../t6963c.c:130: for(n=0 ; n<size ; n++) {
   01BB 90s00r18           1015 	mov	dptr,#_T6963C_autoWrite_n_1_1
   01BE E4                 1016 	clr	a
   01BF F0                 1017 	movx	@dptr,a
   01C0 A3                 1018 	inc	dptr
   01C1 F0                 1019 	movx	@dptr,a
   01C2 90s00r11           1020 	mov	dptr,#_T6963C_autoWrite_PARM_2
   01C5 E0                 1021 	movx	a,@dptr
   01C6 FA                 1022 	mov	r2,a
   01C7 A3                 1023 	inc	dptr
   01C8 E0                 1024 	movx	a,@dptr
   01C9 FB                 1025 	mov	r3,a
   01CA A3                 1026 	inc	dptr
   01CB E0                 1027 	movx	a,@dptr
   01CC FC                 1028 	mov	r4,a
   01CD 90s00r14           1029 	mov	dptr,#_T6963C_autoWrite_PARM_3
   01D0 E0                 1030 	movx	a,@dptr
   01D1 FD                 1031 	mov	r5,a
   01D2 A3                 1032 	inc	dptr
   01D3 E0                 1033 	movx	a,@dptr
   01D4 FE                 1034 	mov	r6,a
   01D5                    1035 00101$:
   01D5 90s00r18           1036 	mov	dptr,#_T6963C_autoWrite_n_1_1
   01D8 E0                 1037 	movx	a,@dptr
   01D9 FF                 1038 	mov	r7,a
   01DA A3                 1039 	inc	dptr
   01DB E0                 1040 	movx	a,@dptr
   01DC F8                 1041 	mov	r0,a
   01DD C3                 1042 	clr	c
   01DE EF                 1043 	mov	a,r7
   01DF 9D                 1044 	subb	a,r5
   01E0 E8                 1045 	mov	a,r0
   01E1 9E                 1046 	subb	a,r6
   01E2 50 62              1047 	jnc	00104$
                    01E4   1048 	C$t6963c.c$131$1$1 ==.
                           1049 ;	../t6963c.c:131: address++;
   01E4 C0 05              1050 	push	ar5
   01E6 C0 06              1051 	push	ar6
   01E8 90s00r16           1052 	mov	dptr,#_T6963C_autoWrite_address_1_1
   01EB E0                 1053 	movx	a,@dptr
   01EC 24 01              1054 	add	a,#0x01
   01EE F0                 1055 	movx	@dptr,a
   01EF A3                 1056 	inc	dptr
   01F0 E0                 1057 	movx	a,@dptr
   01F1 34 00              1058 	addc	a,#0x00
   01F3 F0                 1059 	movx	@dptr,a
                    01F4   1060 	C$t6963c.c$132$2$2 ==.
                           1061 ;	../t6963c.c:132: T6963C_statusCheckForAutoWrite();
   01F4 C0 02              1062 	push	ar2
   01F6 C0 03              1063 	push	ar3
   01F8 C0 04              1064 	push	ar4
   01FA C0 05              1065 	push	ar5
   01FC C0 06              1066 	push	ar6
   01FE C0 07              1067 	push	ar7
   0200 C0 00              1068 	push	ar0
   0202 12s01r85           1069 	lcall	_T6963C_statusCheckForAutoWrite
   0205 D0 00              1070 	pop	ar0
   0207 D0 07              1071 	pop	ar7
   0209 D0 06              1072 	pop	ar6
   020B D0 05              1073 	pop	ar5
   020D D0 04              1074 	pop	ar4
   020F D0 03              1075 	pop	ar3
   0211 D0 02              1076 	pop	ar2
                    0213   1077 	C$t6963c.c$133$2$2 ==.
                           1078 ;	../t6963c.c:133: _t6963c[CD_DATA] = data1[n];
   0213 90s00r00           1079 	mov	dptr,#__t6963c
   0216 E0                 1080 	movx	a,@dptr
   0217 F5*00              1081 	mov	_T6963C_autoWrite_sloc0_1_0,a
   0219 A3                 1082 	inc	dptr
   021A E0                 1083 	movx	a,@dptr
   021B F5*01              1084 	mov	(_T6963C_autoWrite_sloc0_1_0 + 1),a
   021D EF                 1085 	mov	a,r7
   021E 2A                 1086 	add	a,r2
   021F FE                 1087 	mov	r6,a
   0220 E8                 1088 	mov	a,r0
   0221 3B                 1089 	addc	a,r3
   0222 FD                 1090 	mov	r5,a
   0223 8C 01              1091 	mov	ar1,r4
   0225 8E 82              1092 	mov	dpl,r6
   0227 8D 83              1093 	mov	dph,r5
   0229 89 F0              1094 	mov	b,r1
   022B 12s00r00           1095 	lcall	__gptrget
   022E 85*00 82           1096 	mov	dpl,_T6963C_autoWrite_sloc0_1_0
   0231 85*01 83           1097 	mov	dph,(_T6963C_autoWrite_sloc0_1_0 + 1)
   0234 F0                 1098 	movx	@dptr,a
                    0235   1099 	C$t6963c.c$130$1$1 ==.
                           1100 ;	../t6963c.c:130: for(n=0 ; n<size ; n++) {
   0235 90s00r18           1101 	mov	dptr,#_T6963C_autoWrite_n_1_1
   0238 74 01              1102 	mov	a,#0x01
   023A 2F                 1103 	add	a,r7
   023B F0                 1104 	movx	@dptr,a
   023C E4                 1105 	clr	a
   023D 38                 1106 	addc	a,r0
   023E A3                 1107 	inc	dptr
   023F F0                 1108 	movx	@dptr,a
   0240 D0 06              1109 	pop	ar6
   0242 D0 05              1110 	pop	ar5
   0244 80 8F              1111 	sjmp	00101$
   0246                    1112 00104$:
                    0246   1113 	C$t6963c.c$135$1$1 ==.
                           1114 ;	../t6963c.c:135: T6963C_noDataCommand(0xB2);
   0246 75 82 B2           1115 	mov	dpl,#0xB2
   0249 12s00r16           1116 	lcall	_T6963C_noDataCommand
                    024C   1117 	C$t6963c.c$136$1$1 ==.
                           1118 ;	../t6963c.c:136: return address;
   024C 90s00r16           1119 	mov	dptr,#_T6963C_autoWrite_address_1_1
   024F E0                 1120 	movx	a,@dptr
   0250 FA                 1121 	mov	r2,a
   0251 A3                 1122 	inc	dptr
   0252 E0                 1123 	movx	a,@dptr
                    0253   1124 	C$t6963c.c$137$1$1 ==.
                    0253   1125 	XG$T6963C_autoWrite$0$0 ==.
   0253 8A 82              1126 	mov	dpl,r2
   0255 F5 83              1127 	mov	dph,a
   0257 22                 1128 	ret
                           1129 ;------------------------------------------------------------
                           1130 ;Allocation info for local variables in function 'T6963C_autoRepeat'
                           1131 ;------------------------------------------------------------
                           1132 ;data1                     Allocated with name '_T6963C_autoRepeat_PARM_2'
                           1133 ;repeats                   Allocated with name '_T6963C_autoRepeat_PARM_3'
                           1134 ;address                   Allocated with name '_T6963C_autoRepeat_address_1_1'
                           1135 ;n                         Allocated with name '_T6963C_autoRepeat_n_1_1'
                           1136 ;------------------------------------------------------------
                    0258   1137 	G$T6963C_autoRepeat$0$0 ==.
                    0258   1138 	C$t6963c.c$146$1$1 ==.
                           1139 ;	../t6963c.c:146: unsigned int T6963C_autoRepeat(unsigned int address, 
                           1140 ;	-----------------------------------------
                           1141 ;	 function T6963C_autoRepeat
                           1142 ;	-----------------------------------------
   0258                    1143 _T6963C_autoRepeat:
                    0258   1144 	C$t6963c.c$150$1$1 ==.
                           1145 ;	../t6963c.c:150: T6963C_addressCommand(0x24, address);
   0258 AA 83              1146 	mov	r2,dph
   025A E5 82              1147 	mov	a,dpl
   025C 90s00r1D           1148 	mov	dptr,#_T6963C_autoRepeat_address_1_1
   025F F0                 1149 	movx	@dptr,a
   0260 A3                 1150 	inc	dptr
   0261 CA                 1151 	xch	a,r2
   0262 F0                 1152 	movx	@dptr,a
   0263 FB                 1153 	mov	r3,a
   0264 90s00r06           1154 	mov	dptr,#_T6963C_addressCommand_PARM_2
   0267 EA                 1155 	mov	a,r2
   0268 F0                 1156 	movx	@dptr,a
   0269 A3                 1157 	inc	dptr
   026A EB                 1158 	mov	a,r3
   026B F0                 1159 	movx	@dptr,a
   026C 75 82 24           1160 	mov	dpl,#0x24
   026F 12s00rB2           1161 	lcall	_T6963C_addressCommand
                    0272   1162 	C$t6963c.c$151$1$1 ==.
                           1163 ;	../t6963c.c:151: T6963C_noDataCommand(0xB0);
   0272 75 82 B0           1164 	mov	dpl,#0xB0
   0275 12s00r16           1165 	lcall	_T6963C_noDataCommand
                    0278   1166 	C$t6963c.c$152$1$1 ==.
                           1167 ;	../t6963c.c:152: for(n=0 ; n<repeats ; n++) {
   0278 90s00r1F           1168 	mov	dptr,#_T6963C_autoRepeat_n_1_1
   027B E4                 1169 	clr	a
   027C F0                 1170 	movx	@dptr,a
   027D A3                 1171 	inc	dptr
   027E F0                 1172 	movx	@dptr,a
   027F 90s00r1A           1173 	mov	dptr,#_T6963C_autoRepeat_PARM_2
   0282 E0                 1174 	movx	a,@dptr
   0283 FA                 1175 	mov	r2,a
   0284 90s00r1B           1176 	mov	dptr,#_T6963C_autoRepeat_PARM_3
   0287 E0                 1177 	movx	a,@dptr
   0288 FB                 1178 	mov	r3,a
   0289 A3                 1179 	inc	dptr
   028A E0                 1180 	movx	a,@dptr
   028B FC                 1181 	mov	r4,a
   028C                    1182 00101$:
   028C 90s00r1F           1183 	mov	dptr,#_T6963C_autoRepeat_n_1_1
   028F E0                 1184 	movx	a,@dptr
   0290 FD                 1185 	mov	r5,a
   0291 A3                 1186 	inc	dptr
   0292 E0                 1187 	movx	a,@dptr
   0293 FE                 1188 	mov	r6,a
   0294 C3                 1189 	clr	c
   0295 ED                 1190 	mov	a,r5
   0296 9B                 1191 	subb	a,r3
   0297 EE                 1192 	mov	a,r6
   0298 9C                 1193 	subb	a,r4
   0299 50 3E              1194 	jnc	00104$
                    029B   1195 	C$t6963c.c$153$2$2 ==.
                           1196 ;	../t6963c.c:153: address++;
   029B 90s00r1D           1197 	mov	dptr,#_T6963C_autoRepeat_address_1_1
   029E E0                 1198 	movx	a,@dptr
   029F 24 01              1199 	add	a,#0x01
   02A1 F0                 1200 	movx	@dptr,a
   02A2 A3                 1201 	inc	dptr
   02A3 E0                 1202 	movx	a,@dptr
   02A4 34 00              1203 	addc	a,#0x00
   02A6 F0                 1204 	movx	@dptr,a
                    02A7   1205 	C$t6963c.c$154$2$2 ==.
                           1206 ;	../t6963c.c:154: T6963C_statusCheckForAutoWrite();
   02A7 C0 02              1207 	push	ar2
   02A9 C0 03              1208 	push	ar3
   02AB C0 04              1209 	push	ar4
   02AD C0 05              1210 	push	ar5
   02AF C0 06              1211 	push	ar6
   02B1 12s01r85           1212 	lcall	_T6963C_statusCheckForAutoWrite
   02B4 D0 06              1213 	pop	ar6
   02B6 D0 05              1214 	pop	ar5
   02B8 D0 04              1215 	pop	ar4
   02BA D0 03              1216 	pop	ar3
   02BC D0 02              1217 	pop	ar2
                    02BE   1218 	C$t6963c.c$155$2$2 ==.
                           1219 ;	../t6963c.c:155: _t6963c[CD_DATA] = data1;
   02BE 90s00r00           1220 	mov	dptr,#__t6963c
   02C1 E0                 1221 	movx	a,@dptr
   02C2 FF                 1222 	mov	r7,a
   02C3 A3                 1223 	inc	dptr
   02C4 E0                 1224 	movx	a,@dptr
   02C5 F8                 1225 	mov	r0,a
   02C6 8F 82              1226 	mov	dpl,r7
   02C8 88 83              1227 	mov	dph,r0
   02CA EA                 1228 	mov	a,r2
   02CB F0                 1229 	movx	@dptr,a
                    02CC   1230 	C$t6963c.c$152$1$1 ==.
                           1231 ;	../t6963c.c:152: for(n=0 ; n<repeats ; n++) {
   02CC 90s00r1F           1232 	mov	dptr,#_T6963C_autoRepeat_n_1_1
   02CF 74 01              1233 	mov	a,#0x01
   02D1 2D                 1234 	add	a,r5
   02D2 F0                 1235 	movx	@dptr,a
   02D3 E4                 1236 	clr	a
   02D4 3E                 1237 	addc	a,r6
   02D5 A3                 1238 	inc	dptr
   02D6 F0                 1239 	movx	@dptr,a
   02D7 80 B3              1240 	sjmp	00101$
   02D9                    1241 00104$:
                    02D9   1242 	C$t6963c.c$157$1$1 ==.
                           1243 ;	../t6963c.c:157: T6963C_noDataCommand(0xB2);
   02D9 75 82 B2           1244 	mov	dpl,#0xB2
   02DC 12s00r16           1245 	lcall	_T6963C_noDataCommand
                    02DF   1246 	C$t6963c.c$158$1$1 ==.
                           1247 ;	../t6963c.c:158: return address;
   02DF 90s00r1D           1248 	mov	dptr,#_T6963C_autoRepeat_address_1_1
   02E2 E0                 1249 	movx	a,@dptr
   02E3 FA                 1250 	mov	r2,a
   02E4 A3                 1251 	inc	dptr
   02E5 E0                 1252 	movx	a,@dptr
                    02E6   1253 	C$t6963c.c$159$1$1 ==.
                    02E6   1254 	XG$T6963C_autoRepeat$0$0 ==.
   02E6 8A 82              1255 	mov	dpl,r2
   02E8 F5 83              1256 	mov	dph,a
   02EA 22                 1257 	ret
                           1258 ;------------------------------------------------------------
                           1259 ;Allocation info for local variables in function 'T6963C_calculateAddress'
                           1260 ;------------------------------------------------------------
                           1261 ;y                         Allocated with name '_T6963C_calculateAddress_PARM_2'
                           1262 ;x                         Allocated with name '_T6963C_calculateAddress_x_1_1'
                           1263 ;------------------------------------------------------------
                    02EB   1264 	G$T6963C_calculateAddress$0$0 ==.
                    02EB   1265 	C$t6963c.c$167$1$1 ==.
                           1266 ;	../t6963c.c:167: unsigned int T6963C_calculateAddress(unsigned char x, 
                           1267 ;	-----------------------------------------
                           1268 ;	 function T6963C_calculateAddress
                           1269 ;	-----------------------------------------
   02EB                    1270 _T6963C_calculateAddress:
   02EB E5 82              1271 	mov	a,dpl
   02ED 90s00r22           1272 	mov	dptr,#_T6963C_calculateAddress_x_1_1
   02F0 F0                 1273 	movx	@dptr,a
                    02F1   1274 	C$t6963c.c$169$1$1 ==.
                           1275 ;	../t6963c.c:169: return T6963C_ZONE_TEXTE + y * T6963C_COLONNES + x;
   02F1 90s00r21           1276 	mov	dptr,#_T6963C_calculateAddress_PARM_2
   02F4 E0                 1277 	movx	a,@dptr
   02F5 75 F0 1E           1278 	mov	b,#0x1E
   02F8 A4                 1279 	mul	ab
   02F9 FA                 1280 	mov	r2,a
   02FA AB F0              1281 	mov	r3,b
   02FC 90s00r22           1282 	mov	dptr,#_T6963C_calculateAddress_x_1_1
   02FF E0                 1283 	movx	a,@dptr
   0300 FC                 1284 	mov	r4,a
   0301 7D 00              1285 	mov	r5,#0x00
   0303 EC                 1286 	mov	a,r4
   0304 2A                 1287 	add	a,r2
   0305 FA                 1288 	mov	r2,a
   0306 ED                 1289 	mov	a,r5
   0307 3B                 1290 	addc	a,r3
                    0308   1291 	C$t6963c.c$170$1$1 ==.
                    0308   1292 	XG$T6963C_calculateAddress$0$0 ==.
   0308 8A 82              1293 	mov	dpl,r2
   030A F5 83              1294 	mov	dph,a
   030C 22                 1295 	ret
                           1296 ;------------------------------------------------------------
                           1297 ;Allocation info for local variables in function 'T6963C_writeAt'
                           1298 ;------------------------------------------------------------
                           1299 ;y                         Allocated with name '_T6963C_writeAt_PARM_2'
                           1300 ;c                         Allocated with name '_T6963C_writeAt_PARM_3'
                           1301 ;x                         Allocated with name '_T6963C_writeAt_x_1_1'
                           1302 ;address                   Allocated with name '_T6963C_writeAt_address_1_1'
                           1303 ;------------------------------------------------------------
                    030D   1304 	G$T6963C_writeAt$0$0 ==.
                    030D   1305 	C$t6963c.c$178$1$1 ==.
                           1306 ;	../t6963c.c:178: void T6963C_writeAt(unsigned char x, 
                           1307 ;	-----------------------------------------
                           1308 ;	 function T6963C_writeAt
                           1309 ;	-----------------------------------------
   030D                    1310 _T6963C_writeAt:
   030D E5 82              1311 	mov	a,dpl
                    030F   1312 	C$t6963c.c$181$1$1 ==.
                           1313 ;	../t6963c.c:181: unsigned int address = T6963C_calculateAddress(x, y);
   030F 90s00r25           1314 	mov	dptr,#_T6963C_writeAt_x_1_1
   0312 F0                 1315 	movx	@dptr,a
   0313 FA                 1316 	mov	r2,a
   0314 90s00r23           1317 	mov	dptr,#_T6963C_writeAt_PARM_2
   0317 E0                 1318 	movx	a,@dptr
   0318 90s00r21           1319 	mov	dptr,#_T6963C_calculateAddress_PARM_2
   031B F0                 1320 	movx	@dptr,a
   031C 8A 82              1321 	mov	dpl,r2
   031E 12s02rEB           1322 	lcall	_T6963C_calculateAddress
   0321 AA 82              1323 	mov	r2,dpl
   0323 AB 83              1324 	mov	r3,dph
                    0325   1325 	C$t6963c.c$182$1$1 ==.
                           1326 ;	../t6963c.c:182: T6963C_dataWrite(address, c);
   0325 90s00r24           1327 	mov	dptr,#_T6963C_writeAt_PARM_3
   0328 E0                 1328 	movx	a,@dptr
   0329 90s00r0C           1329 	mov	dptr,#_T6963C_dataWrite_PARM_2
   032C F0                 1330 	movx	@dptr,a
   032D 8A 82              1331 	mov	dpl,r2
   032F 8B 83              1332 	mov	dph,r3
                    0331   1333 	C$t6963c.c$183$1$1 ==.
                    0331   1334 	XG$T6963C_writeAt$0$0 ==.
   0331 02s01r2D           1335 	ljmp	_T6963C_dataWrite
                           1336 ;------------------------------------------------------------
                           1337 ;Allocation info for local variables in function 'T6963C_readFrom'
                           1338 ;------------------------------------------------------------
                           1339 ;y                         Allocated with name '_T6963C_readFrom_PARM_2'
                           1340 ;x                         Allocated with name '_T6963C_readFrom_x_1_1'
                           1341 ;address                   Allocated with name '_T6963C_readFrom_address_1_1'
                           1342 ;------------------------------------------------------------
                    0334   1343 	G$T6963C_readFrom$0$0 ==.
                    0334   1344 	C$t6963c.c$191$1$1 ==.
                           1345 ;	../t6963c.c:191: unsigned char T6963C_readFrom(unsigned char x, 
                           1346 ;	-----------------------------------------
                           1347 ;	 function T6963C_readFrom
                           1348 ;	-----------------------------------------
   0334                    1349 _T6963C_readFrom:
   0334 E5 82              1350 	mov	a,dpl
                    0336   1351 	C$t6963c.c$193$1$1 ==.
                           1352 ;	../t6963c.c:193: unsigned int address = T6963C_calculateAddress(x, y);
   0336 90s00r27           1353 	mov	dptr,#_T6963C_readFrom_x_1_1
   0339 F0                 1354 	movx	@dptr,a
   033A FA                 1355 	mov	r2,a
   033B 90s00r26           1356 	mov	dptr,#_T6963C_readFrom_PARM_2
   033E E0                 1357 	movx	a,@dptr
   033F 90s00r21           1358 	mov	dptr,#_T6963C_calculateAddress_PARM_2
   0342 F0                 1359 	movx	@dptr,a
   0343 8A 82              1360 	mov	dpl,r2
   0345 12s02rEB           1361 	lcall	_T6963C_calculateAddress
                    0348   1362 	C$t6963c.c$194$1$1 ==.
                           1363 ;	../t6963c.c:194: return T6963C_dataRead(address);
   0348 AB 83              1364 	mov  r3,dph
                    034A   1365 	C$t6963c.c$195$1$1 ==.
                    034A   1366 	XG$T6963C_readFrom$0$0 ==.
   034A 02s01r55           1367 	ljmp	_T6963C_dataRead
                           1368 ;------------------------------------------------------------
                           1369 ;Allocation info for local variables in function 'T6963C_initialize'
                           1370 ;------------------------------------------------------------
                           1371 ;------------------------------------------------------------
                    034D   1372 	G$T6963C_initialize$0$0 ==.
                    034D   1373 	C$t6963c.c$200$1$1 ==.
                           1374 ;	../t6963c.c:200: void T6963C_initialize() {
                           1375 ;	-----------------------------------------
                           1376 ;	 function T6963C_initialize
                           1377 ;	-----------------------------------------
   034D                    1378 _T6963C_initialize:
                    034D   1379 	C$t6963c.c$201$1$1 ==.
                           1380 ;	../t6963c.c:201: T6963C_addressCommand(0x40, T6963C_ZONE_TEXTE);
   034D 90s00r06           1381 	mov	dptr,#_T6963C_addressCommand_PARM_2
   0350 E4                 1382 	clr	a
   0351 F0                 1383 	movx	@dptr,a
   0352 A3                 1384 	inc	dptr
   0353 F0                 1385 	movx	@dptr,a
   0354 75 82 40           1386 	mov	dpl,#0x40
   0357 12s00rB2           1387 	lcall	_T6963C_addressCommand
                    035A   1388 	C$t6963c.c$202$1$1 ==.
                           1389 ;	../t6963c.c:202: T6963C_addressCommand(0x42, T6963C_ZONE_GRAPHIQUE);
   035A 90s00r06           1390 	mov	dptr,#_T6963C_addressCommand_PARM_2
   035D E4                 1391 	clr	a
   035E F0                 1392 	movx	@dptr,a
   035F A3                 1393 	inc	dptr
   0360 74 02              1394 	mov	a,#0x02
   0362 F0                 1395 	movx	@dptr,a
   0363 75 82 42           1396 	mov	dpl,#0x42
   0366 12s00rB2           1397 	lcall	_T6963C_addressCommand
                    0369   1398 	C$t6963c.c$203$1$1 ==.
                           1399 ;	../t6963c.c:203: T6963C_twoDataCommand(0x22, T6963C_ZONE_CG / 2048,0); 
   0369 90s00r03           1400 	mov	dptr,#_T6963C_twoDataCommand_PARM_2
   036C 74 03              1401 	mov	a,#0x03
   036E F0                 1402 	movx	@dptr,a
   036F 90s00r04           1403 	mov	dptr,#_T6963C_twoDataCommand_PARM_3
   0372 E4                 1404 	clr	a
   0373 F0                 1405 	movx	@dptr,a
   0374 75 82 22           1406 	mov	dpl,#0x22
   0377 12s00r6A           1407 	lcall	_T6963C_twoDataCommand
                    037A   1408 	C$t6963c.c$204$1$1 ==.
                           1409 ;	../t6963c.c:204: T6963C_twoDataCommand(0x41, T6963C_COLONNES,0);
   037A 90s00r03           1410 	mov	dptr,#_T6963C_twoDataCommand_PARM_2
   037D 74 1E              1411 	mov	a,#0x1E
   037F F0                 1412 	movx	@dptr,a
   0380 90s00r04           1413 	mov	dptr,#_T6963C_twoDataCommand_PARM_3
   0383 E4                 1414 	clr	a
   0384 F0                 1415 	movx	@dptr,a
   0385 75 82 41           1416 	mov	dpl,#0x41
   0388 12s00r6A           1417 	lcall	_T6963C_twoDataCommand
                    038B   1418 	C$t6963c.c$205$1$1 ==.
                           1419 ;	../t6963c.c:205: T6963C_twoDataCommand(0x43, T6963C_COLONNES,0);     
   038B 90s00r03           1420 	mov	dptr,#_T6963C_twoDataCommand_PARM_2
   038E 74 1E              1421 	mov	a,#0x1E
   0390 F0                 1422 	movx	@dptr,a
   0391 90s00r04           1423 	mov	dptr,#_T6963C_twoDataCommand_PARM_3
   0394 E4                 1424 	clr	a
   0395 F0                 1425 	movx	@dptr,a
   0396 75 82 43           1426 	mov	dpl,#0x43
   0399 12s00r6A           1427 	lcall	_T6963C_twoDataCommand
                    039C   1428 	C$t6963c.c$208$1$1 ==.
                           1429 ;	../t6963c.c:208: T6963C_noDataCommand(0x9C);
   039C 75 82 9C           1430 	mov	dpl,#0x9C
   039F 12s00r16           1431 	lcall	_T6963C_noDataCommand
                    03A2   1432 	C$t6963c.c$210$1$1 ==.
                           1433 ;	../t6963c.c:210: T6963C_noDataCommand(0x80);
   03A2 75 82 80           1434 	mov	dpl,#0x80
                    03A5   1435 	C$t6963c.c$211$1$1 ==.
                    03A5   1436 	XG$T6963C_initialize$0$0 ==.
   03A5 02s00r16           1437 	ljmp	_T6963C_noDataCommand
                           1438 	.area CSEG    (CODE)
                           1439 	.area CONST   (CODE)
                           1440 	.area XINIT   (CODE)
                    0000   1441 Ft6963c$__xinit__t6963c$0$0 == .
   0000                    1442 __xinit___t6963c:
   0000 00 20              1443 	.byte #0x00,#0x20
                           1444 	.area CABS    (ABS,CODE)
